<?xml version="1.0" encoding="UTF-8"?>
<testng-results ignored="0" total="5" passed="5" failed="0" skipped="0">
  <reporter-output>
  </reporter-output>
  <suite started-at="2023-11-04T21:36:19 CDT" name="Suite" finished-at="2023-11-04T21:36:59 CDT" duration-ms="39711">
    <groups>
      <group name="cucumber">
        <method signature="AbstractTestNGCucumberTests.runScenario(io.cucumber.testng.PickleWrapper,io.cucumber.testng.FeatureWrapper)[pri:0, instance:com.automation.runners.SalesForceRunner@7334aada]" name="runScenario" class="io.cucumber.testng.AbstractTestNGCucumberTests"/>
      </group> <!-- cucumber -->
    </groups>
    <test started-at="2023-11-04T21:36:19 CDT" name="chromeTest" finished-at="2023-11-04T21:36:59 CDT" duration-ms="39711">
      <class name="com.automation.runners.SalesForceRunner">
        <test-method is-config="true" signature="setUpClass(org.testng.ITestContext)[pri:0, instance:com.automation.runners.SalesForceRunner@7334aada]" started-at="2023-11-04T21:36:19 CDT" name="setUpClass" finished-at="2023-11-04T21:36:20 CDT" duration-ms="1589" status="PASS">
          <params>
            <param index="0">
              <value>
                <![CDATA[org.testng.TestRunner@60807fd9]]>
              </value>
            </param>
          </params>
          <reporter-output>
          </reporter-output>
        </test-method> <!-- setUpClass -->
        <test-method signature="runScenario(io.cucumber.testng.PickleWrapper,io.cucumber.testng.FeatureWrapper)[pri:0, instance:com.automation.runners.SalesForceRunner@7334aada]" started-at="2023-11-04T21:36:20 CDT" name="runScenario" description="Runs Cucumber Scenarios" data-provider="scenarios" finished-at="2023-11-04T21:36:34 CDT" duration-ms="13420" status="PASS">
          <params>
            <param index="0">
              <value>
                <![CDATA["implementing testcase2 Login To SalesForce with valid credentials"]]>
              </value>
            </param>
            <param index="1">
              <value>
                <![CDATA["implementing the salesforce login automation testcases"]]>
              </value>
            </param>
          </params>
          <reporter-output>
          </reporter-output>
        </test-method> <!-- runScenario -->
        <test-method signature="runScenario(io.cucumber.testng.PickleWrapper,io.cucumber.testng.FeatureWrapper)[pri:0, instance:com.automation.runners.SalesForceRunner@7334aada]" started-at="2023-11-04T21:36:34 CDT" name="runScenario" description="Runs Cucumber Scenarios" data-provider="scenarios" finished-at="2023-11-04T21:36:38 CDT" duration-ms="4302" status="PASS">
          <params>
            <param index="0">
              <value>
                <![CDATA["implementing testcase1 User Login with valid username and empty password"]]>
              </value>
            </param>
            <param index="1">
              <value>
                <![CDATA["implementing the salesforce login automation testcases"]]>
              </value>
            </param>
          </params>
          <reporter-output>
          </reporter-output>
        </test-method> <!-- runScenario -->
        <test-method signature="runScenario(io.cucumber.testng.PickleWrapper,io.cucumber.testng.FeatureWrapper)[pri:0, instance:com.automation.runners.SalesForceRunner@7334aada]" started-at="2023-11-04T21:36:38 CDT" name="runScenario" description="Runs Cucumber Scenarios" data-provider="scenarios" finished-at="2023-11-04T21:36:49 CDT" duration-ms="11007" status="PASS">
          <params>
            <param index="0">
              <value>
                <![CDATA["implementing testcase3 User selects remember me checkbox"]]>
              </value>
            </param>
            <param index="1">
              <value>
                <![CDATA["implementing the salesforce login automation testcases"]]>
              </value>
            </param>
          </params>
          <reporter-output>
          </reporter-output>
        </test-method> <!-- runScenario -->
        <test-method signature="runScenario(io.cucumber.testng.PickleWrapper,io.cucumber.testng.FeatureWrapper)[pri:0, instance:com.automation.runners.SalesForceRunner@7334aada]" started-at="2023-11-04T21:36:49 CDT" name="runScenario" description="Runs Cucumber Scenarios" data-provider="scenarios" finished-at="2023-11-04T21:36:54 CDT" duration-ms="4876" status="PASS">
          <params>
            <param index="0">
              <value>
                <![CDATA["implementing testcase4A User forgets password"]]>
              </value>
            </param>
            <param index="1">
              <value>
                <![CDATA["implementing the salesforce login automation testcases"]]>
              </value>
            </param>
          </params>
          <reporter-output>
          </reporter-output>
        </test-method> <!-- runScenario -->
        <test-method signature="runScenario(io.cucumber.testng.PickleWrapper,io.cucumber.testng.FeatureWrapper)[pri:0, instance:com.automation.runners.SalesForceRunner@7334aada]" started-at="2023-11-04T21:36:54 CDT" name="runScenario" description="Runs Cucumber Scenarios" data-provider="scenarios" finished-at="2023-11-04T21:36:58 CDT" duration-ms="4406" status="PASS">
          <params>
            <param index="0">
              <value>
                <![CDATA["implementing testcase4B User enters invalid username and invalid password"]]>
              </value>
            </param>
            <param index="1">
              <value>
                <![CDATA["implementing the salesforce login automation testcases"]]>
              </value>
            </param>
          </params>
          <reporter-output>
          </reporter-output>
        </test-method> <!-- runScenario -->
        <test-method is-config="true" signature="tearDownClass()[pri:0, instance:com.automation.runners.SalesForceRunner@7334aada]" started-at="2023-11-04T21:36:58 CDT" name="tearDownClass" finished-at="2023-11-04T21:36:59 CDT" duration-ms="35" status="PASS">
          <reporter-output>
          </reporter-output>
        </test-method> <!-- tearDownClass -->
      </class> <!-- com.automation.runners.SalesForceRunner -->
    </test> <!-- chromeTest -->
  </suite> <!-- Suite -->
</testng-results>
